
  .   ____          _            __ _ _
 /\\ / ___'_ __ _ _(_)_ __  __ _ \ \ \ \
( ( )\___ | '_ | '_| | '_ \/ _` | \ \ \ \
 \\/  ___)| |_)| | | | | || (_| |  ) ) ) )
  '  |____| .__|_| |_|_| |_\__, | / / / /
 =========|_|==============|___/=/_/_/_/
 :: Spring Boot ::        (v1.4.0.RELEASE)

2016-10-17 18:04:33.635  INFO 18411 --- [           main] com.pbg.CrudApplication                  : Starting CrudApplication on borrego-pc with PID 18411 (/home/borrego/Documentos/crud/build/libs/crud-0.0.1-SNAPSHOT.jar started by borrego in /home/borrego/Documentos/crud)
2016-10-17 18:04:33.653  INFO 18411 --- [           main] com.pbg.CrudApplication                  : The following profiles are active: local
2016-10-17 18:04:33.764  INFO 18411 --- [           main] ationConfigEmbeddedWebApplicationContext : Refreshing org.springframework.boot.context.embedded.AnnotationConfigEmbeddedWebApplicationContext@4cdf35a9: startup date [Mon Oct 17 18:04:33 CEST 2016]; root of context hierarchy
2016-10-17 18:04:36.017  INFO 18411 --- [           main] trationDelegate$BeanPostProcessorChecker : Bean 'org.springframework.transaction.annotation.ProxyTransactionManagementConfiguration' of type [class org.springframework.transaction.annotation.ProxyTransactionManagementConfiguration$$EnhancerBySpringCGLIB$$552d0e9e] is not eligible for getting processed by all BeanPostProcessors (for example: not eligible for auto-proxying)
2016-10-17 18:04:36.711  INFO 18411 --- [           main] s.b.c.e.t.TomcatEmbeddedServletContainer : Tomcat initialized with port(s): 8080 (http)
2016-10-17 18:04:36.728  INFO 18411 --- [           main] o.apache.catalina.core.StandardService   : Starting service Tomcat
2016-10-17 18:04:36.730  INFO 18411 --- [           main] org.apache.catalina.core.StandardEngine  : Starting Servlet Engine: Apache Tomcat/8.5.4
2016-10-17 18:04:36.853  INFO 18411 --- [ost-startStop-1] o.a.c.c.C.[Tomcat].[localhost].[/]       : Initializing Spring embedded WebApplicationContext
2016-10-17 18:04:36.853  INFO 18411 --- [ost-startStop-1] o.s.web.context.ContextLoader            : Root WebApplicationContext: initialization completed in 3092 ms
2016-10-17 18:04:37.007  INFO 18411 --- [ost-startStop-1] o.s.b.w.servlet.ServletRegistrationBean  : Mapping servlet: 'dispatcherServlet' to [/]
2016-10-17 18:04:37.013  INFO 18411 --- [ost-startStop-1] o.s.b.w.servlet.FilterRegistrationBean   : Mapping filter: 'characterEncodingFilter' to: [/*]
2016-10-17 18:04:37.456  INFO 18411 --- [           main] j.LocalContainerEntityManagerFactoryBean : Building JPA container EntityManagerFactory for persistence unit 'default'
2016-10-17 18:04:37.473  INFO 18411 --- [           main] o.hibernate.jpa.internal.util.LogHelper  : HHH000204: Processing PersistenceUnitInfo [
	name: default
	...]
2016-10-17 18:04:37.561  INFO 18411 --- [           main] org.hibernate.Version                    : HHH000412: Hibernate Core {5.0.9.Final}
2016-10-17 18:04:37.563  INFO 18411 --- [           main] org.hibernate.cfg.Environment            : HHH000206: hibernate.properties not found
2016-10-17 18:04:37.565  INFO 18411 --- [           main] org.hibernate.cfg.Environment            : HHH000021: Bytecode provider name : javassist
2016-10-17 18:04:37.622  INFO 18411 --- [           main] o.hibernate.annotations.common.Version   : HCANN000001: Hibernate Commons Annotations {5.0.1.Final}
Mon Oct 17 18:04:38 CEST 2016 WARN: Establishing SSL connection without server's identity verification is not recommended. According to MySQL 5.5.45+, 5.6.26+ and 5.7.6+ requirements SSL connection must be established by default if explicit option isn't set. For compliance with existing applications not using SSL the verifyServerCertificate property is set to 'false'. You need either to explicitly disable SSL by setting useSSL=false, or set useSSL=true and provide truststore for server certificate verification.
Mon Oct 17 18:04:38 CEST 2016 WARN: Establishing SSL connection without server's identity verification is not recommended. According to MySQL 5.5.45+, 5.6.26+ and 5.7.6+ requirements SSL connection must be established by default if explicit option isn't set. For compliance with existing applications not using SSL the verifyServerCertificate property is set to 'false'. You need either to explicitly disable SSL by setting useSSL=false, or set useSSL=true and provide truststore for server certificate verification.
Mon Oct 17 18:04:38 CEST 2016 WARN: Establishing SSL connection without server's identity verification is not recommended. According to MySQL 5.5.45+, 5.6.26+ and 5.7.6+ requirements SSL connection must be established by default if explicit option isn't set. For compliance with existing applications not using SSL the verifyServerCertificate property is set to 'false'. You need either to explicitly disable SSL by setting useSSL=false, or set useSSL=true and provide truststore for server certificate verification.
Mon Oct 17 18:04:38 CEST 2016 WARN: Establishing SSL connection without server's identity verification is not recommended. According to MySQL 5.5.45+, 5.6.26+ and 5.7.6+ requirements SSL connection must be established by default if explicit option isn't set. For compliance with existing applications not using SSL the verifyServerCertificate property is set to 'false'. You need either to explicitly disable SSL by setting useSSL=false, or set useSSL=true and provide truststore for server certificate verification.
Mon Oct 17 18:04:38 CEST 2016 WARN: Establishing SSL connection without server's identity verification is not recommended. According to MySQL 5.5.45+, 5.6.26+ and 5.7.6+ requirements SSL connection must be established by default if explicit option isn't set. For compliance with existing applications not using SSL the verifyServerCertificate property is set to 'false'. You need either to explicitly disable SSL by setting useSSL=false, or set useSSL=true and provide truststore for server certificate verification.
Mon Oct 17 18:04:38 CEST 2016 WARN: Establishing SSL connection without server's identity verification is not recommended. According to MySQL 5.5.45+, 5.6.26+ and 5.7.6+ requirements SSL connection must be established by default if explicit option isn't set. For compliance with existing applications not using SSL the verifyServerCertificate property is set to 'false'. You need either to explicitly disable SSL by setting useSSL=false, or set useSSL=true and provide truststore for server certificate verification.
Mon Oct 17 18:04:38 CEST 2016 WARN: Establishing SSL connection without server's identity verification is not recommended. According to MySQL 5.5.45+, 5.6.26+ and 5.7.6+ requirements SSL connection must be established by default if explicit option isn't set. For compliance with existing applications not using SSL the verifyServerCertificate property is set to 'false'. You need either to explicitly disable SSL by setting useSSL=false, or set useSSL=true and provide truststore for server certificate verification.
Mon Oct 17 18:04:38 CEST 2016 WARN: Establishing SSL connection without server's identity verification is not recommended. According to MySQL 5.5.45+, 5.6.26+ and 5.7.6+ requirements SSL connection must be established by default if explicit option isn't set. For compliance with existing applications not using SSL the verifyServerCertificate property is set to 'false'. You need either to explicitly disable SSL by setting useSSL=false, or set useSSL=true and provide truststore for server certificate verification.
Mon Oct 17 18:04:38 CEST 2016 WARN: Establishing SSL connection without server's identity verification is not recommended. According to MySQL 5.5.45+, 5.6.26+ and 5.7.6+ requirements SSL connection must be established by default if explicit option isn't set. For compliance with existing applications not using SSL the verifyServerCertificate property is set to 'false'. You need either to explicitly disable SSL by setting useSSL=false, or set useSSL=true and provide truststore for server certificate verification.
Mon Oct 17 18:04:38 CEST 2016 WARN: Establishing SSL connection without server's identity verification is not recommended. According to MySQL 5.5.45+, 5.6.26+ and 5.7.6+ requirements SSL connection must be established by default if explicit option isn't set. For compliance with existing applications not using SSL the verifyServerCertificate property is set to 'false'. You need either to explicitly disable SSL by setting useSSL=false, or set useSSL=true and provide truststore for server certificate verification.
2016-10-17 18:04:38.255  INFO 18411 --- [           main] org.hibernate.dialect.Dialect            : HHH000400: Using dialect: org.hibernate.dialect.MySQL5Dialect
2016-10-17 18:04:38.696  INFO 18411 --- [           main] org.hibernate.tool.hbm2ddl.SchemaUpdate  : HHH000228: Running hbm2ddl schema update
2016-10-17 18:04:38.776  INFO 18411 --- [           main] j.LocalContainerEntityManagerFactoryBean : Initialized JPA EntityManagerFactory for persistence unit 'default'
2016-10-17 18:04:39.081  INFO 18411 --- [           main] o.h.h.i.QueryTranslatorFactoryInitiator  : HHH000397: Using ASTQueryTranslatorFactory
2016-10-17 18:04:39.696  INFO 18411 --- [           main] s.w.s.m.m.a.RequestMappingHandlerMapping : Mapped "{[/person],methods=[GET]}" onto public org.springframework.data.domain.Page<com.pbg.model.Person> com.pbg.controller.PersonController.readAllPaging(java.lang.String,java.lang.String,java.lang.Integer,java.lang.Integer)
2016-10-17 18:04:39.697  INFO 18411 --- [           main] s.w.s.m.m.a.RequestMappingHandlerMapping : Mapped "{[/person],methods=[PUT]}" onto public void com.pbg.controller.PersonController.update(com.pbg.model.Person)
2016-10-17 18:04:39.697  INFO 18411 --- [           main] s.w.s.m.m.a.RequestMappingHandlerMapping : Mapped "{[/person/{id}],methods=[GET]}" onto public org.springframework.http.ResponseEntity<com.pbg.model.Person> com.pbg.controller.PersonController.read(java.lang.Integer) throws com.pbg.exceptions.PersonNotFoundException
2016-10-17 18:04:39.697  INFO 18411 --- [           main] s.w.s.m.m.a.RequestMappingHandlerMapping : Mapped "{[/person/{id}],methods=[DELETE]}" onto public void com.pbg.controller.PersonController.delete(java.lang.Integer)
2016-10-17 18:04:39.698  INFO 18411 --- [           main] s.w.s.m.m.a.RequestMappingHandlerMapping : Mapped "{[/person],methods=[POST]}" onto public com.pbg.model.Person com.pbg.controller.PersonController.create(com.pbg.model.Person)
2016-10-17 18:04:39.698  INFO 18411 --- [           main] s.w.s.m.m.a.RequestMappingHandlerMapping : Mapped "{[/v2/api-docs],methods=[GET]}" onto public org.springframework.http.ResponseEntity<springfox.documentation.spring.web.json.Json> springfox.documentation.swagger2.web.Swagger2Controller.getDocumentation(java.lang.String)
2016-10-17 18:04:39.701  INFO 18411 --- [           main] s.w.s.m.m.a.RequestMappingHandlerMapping : Mapped "{[/configuration/security]}" onto org.springframework.http.ResponseEntity<springfox.documentation.swagger.web.SecurityConfiguration> springfox.documentation.swagger.web.ApiResourceController.securityConfiguration()
2016-10-17 18:04:39.702  INFO 18411 --- [           main] s.w.s.m.m.a.RequestMappingHandlerMapping : Mapped "{[/configuration/ui]}" onto org.springframework.http.ResponseEntity<springfox.documentation.swagger.web.UiConfiguration> springfox.documentation.swagger.web.ApiResourceController.uiConfiguration()
2016-10-17 18:04:39.702  INFO 18411 --- [           main] s.w.s.m.m.a.RequestMappingHandlerMapping : Mapped "{[/swagger-resources]}" onto org.springframework.http.ResponseEntity<java.util.List<springfox.documentation.swagger.web.SwaggerResource>> springfox.documentation.swagger.web.ApiResourceController.swaggerResources()
2016-10-17 18:04:39.706  INFO 18411 --- [           main] s.w.s.m.m.a.RequestMappingHandlerMapping : Mapped "{[/error],produces=[text/html]}" onto public org.springframework.web.servlet.ModelAndView org.springframework.boot.autoconfigure.web.BasicErrorController.errorHtml(javax.servlet.http.HttpServletRequest,javax.servlet.http.HttpServletResponse)
2016-10-17 18:04:39.706  INFO 18411 --- [           main] s.w.s.m.m.a.RequestMappingHandlerMapping : Mapped "{[/error]}" onto public org.springframework.http.ResponseEntity<java.util.Map<java.lang.String, java.lang.Object>> org.springframework.boot.autoconfigure.web.BasicErrorController.error(javax.servlet.http.HttpServletRequest)
2016-10-17 18:04:40.079  INFO 18411 --- [           main] s.w.s.m.m.a.RequestMappingHandlerAdapter : Looking for @ControllerAdvice: org.springframework.boot.context.embedded.AnnotationConfigEmbeddedWebApplicationContext@4cdf35a9: startup date [Mon Oct 17 18:04:33 CEST 2016]; root of context hierarchy
2016-10-17 18:04:40.498  INFO 18411 --- [           main] o.s.j.e.a.AnnotationMBeanExporter        : Registering beans for JMX exposure on startup
2016-10-17 18:04:40.514  INFO 18411 --- [           main] d.s.w.p.DocumentationPluginsBootstrapper : Context refreshed
2016-10-17 18:04:40.534  INFO 18411 --- [           main] d.s.w.p.DocumentationPluginsBootstrapper : Found {0} custom documentation plugin(s)
2016-10-17 18:04:40.541  INFO 18411 --- [           main] s.d.s.w.s.ApiListingReferenceScanner     : Scanning for api listing references
2016-10-17 18:04:40.547  INFO 18411 --- [           main] s.w.ClassOrApiAnnotationResourceGrouping : Group for method readAllPaging was person-controller
2016-10-17 18:04:40.548  INFO 18411 --- [           main] s.d.s.w.s.ApiListingReferenceScanner     : Request mapping: readAllPaging belongs to groups: [[ResourceGroup{groupName='person-controller', position=0, controller=com.pbg.controller.PersonController}]] 
2016-10-17 18:04:40.550  INFO 18411 --- [           main] s.w.ClassOrApiAnnotationResourceGrouping : Group for method update was person-controller
2016-10-17 18:04:40.550  INFO 18411 --- [           main] s.d.s.w.s.ApiListingReferenceScanner     : Request mapping: update belongs to groups: [[ResourceGroup{groupName='person-controller', position=0, controller=com.pbg.controller.PersonController}]] 
2016-10-17 18:04:40.550  INFO 18411 --- [           main] s.w.ClassOrApiAnnotationResourceGrouping : Group for method read was person-controller
2016-10-17 18:04:40.551  INFO 18411 --- [           main] s.d.s.w.s.ApiListingReferenceScanner     : Request mapping: read belongs to groups: [[ResourceGroup{groupName='person-controller', position=0, controller=com.pbg.controller.PersonController}]] 
2016-10-17 18:04:40.552  INFO 18411 --- [           main] s.w.ClassOrApiAnnotationResourceGrouping : Group for method delete was person-controller
2016-10-17 18:04:40.555  INFO 18411 --- [           main] s.d.s.w.s.ApiListingReferenceScanner     : Request mapping: delete belongs to groups: [[ResourceGroup{groupName='person-controller', position=0, controller=com.pbg.controller.PersonController}]] 
2016-10-17 18:04:40.556  INFO 18411 --- [           main] s.w.ClassOrApiAnnotationResourceGrouping : Group for method create was person-controller
2016-10-17 18:04:40.556  INFO 18411 --- [           main] s.d.s.w.s.ApiListingReferenceScanner     : Request mapping: create belongs to groups: [[ResourceGroup{groupName='person-controller', position=0, controller=com.pbg.controller.PersonController}]] 
2016-10-17 18:04:40.556  INFO 18411 --- [           main] s.w.ClassOrApiAnnotationResourceGrouping : Group for method errorHtml was basic-error-controller
2016-10-17 18:04:40.556  INFO 18411 --- [           main] s.d.s.w.s.ApiListingReferenceScanner     : Request mapping: errorHtml belongs to groups: [[ResourceGroup{groupName='basic-error-controller', position=0, controller=org.springframework.boot.autoconfigure.web.BasicErrorController}]] 
2016-10-17 18:04:40.556  INFO 18411 --- [           main] s.w.ClassOrApiAnnotationResourceGrouping : Group for method error was basic-error-controller
2016-10-17 18:04:40.557  INFO 18411 --- [           main] s.d.s.w.s.ApiListingReferenceScanner     : Request mapping: error belongs to groups: [[ResourceGroup{groupName='basic-error-controller', position=0, controller=org.springframework.boot.autoconfigure.web.BasicErrorController}]] 
2016-10-17 18:04:40.560  INFO 18411 --- [           main] s.d.s.w.s.ApiListingReferenceScanner     : Created resource listing Path: /default/person-controller Description: person-controller Position: 0
2016-10-17 18:04:40.561  INFO 18411 --- [           main] s.d.s.w.s.ApiListingReferenceScanner     : Created resource listing Path: /default/basic-error-controller Description: basic-error-controller Position: 0
2016-10-17 18:04:40.660  INFO 18411 --- [           main] s.w.ClassOrApiAnnotationResourceGrouping : Group for method readAllPaging was person-controller
2016-10-17 18:04:40.683  INFO 18411 --- [           main] s.w.ClassOrApiAnnotationResourceGrouping : Group for method update was person-controller
2016-10-17 18:04:40.691  INFO 18411 --- [           main] s.w.ClassOrApiAnnotationResourceGrouping : Group for method read was person-controller
2016-10-17 18:04:40.695  INFO 18411 --- [           main] s.w.ClassOrApiAnnotationResourceGrouping : Group for method delete was person-controller
2016-10-17 18:04:40.708  INFO 18411 --- [           main] s.w.ClassOrApiAnnotationResourceGrouping : Group for method create was person-controller
2016-10-17 18:04:40.739  INFO 18411 --- [           main] s.w.ClassOrApiAnnotationResourceGrouping : Group for method errorHtml was basic-error-controller
2016-10-17 18:04:40.741  INFO 18411 --- [           main] s.w.ClassOrApiAnnotationResourceGrouping : Group for method errorHtml was basic-error-controller
2016-10-17 18:04:40.742  INFO 18411 --- [           main] s.w.ClassOrApiAnnotationResourceGrouping : Group for method errorHtml was basic-error-controller
2016-10-17 18:04:40.743  INFO 18411 --- [           main] s.w.ClassOrApiAnnotationResourceGrouping : Group for method errorHtml was basic-error-controller
2016-10-17 18:04:40.744  INFO 18411 --- [           main] s.w.ClassOrApiAnnotationResourceGrouping : Group for method errorHtml was basic-error-controller
2016-10-17 18:04:40.745  INFO 18411 --- [           main] s.w.ClassOrApiAnnotationResourceGrouping : Group for method errorHtml was basic-error-controller
2016-10-17 18:04:40.746  INFO 18411 --- [           main] s.w.ClassOrApiAnnotationResourceGrouping : Group for method errorHtml was basic-error-controller
2016-10-17 18:04:40.747  INFO 18411 --- [           main] s.w.ClassOrApiAnnotationResourceGrouping : Group for method errorHtml was basic-error-controller
2016-10-17 18:04:40.749  INFO 18411 --- [           main] s.w.ClassOrApiAnnotationResourceGrouping : Group for method error was basic-error-controller
2016-10-17 18:04:40.750  INFO 18411 --- [           main] s.w.ClassOrApiAnnotationResourceGrouping : Group for method error was basic-error-controller
2016-10-17 18:04:40.752  INFO 18411 --- [           main] s.w.ClassOrApiAnnotationResourceGrouping : Group for method error was basic-error-controller
2016-10-17 18:04:40.753  INFO 18411 --- [           main] s.w.ClassOrApiAnnotationResourceGrouping : Group for method error was basic-error-controller
2016-10-17 18:04:40.754  INFO 18411 --- [           main] s.w.ClassOrApiAnnotationResourceGrouping : Group for method error was basic-error-controller
2016-10-17 18:04:40.755  INFO 18411 --- [           main] s.w.ClassOrApiAnnotationResourceGrouping : Group for method error was basic-error-controller
2016-10-17 18:04:40.756  INFO 18411 --- [           main] s.w.ClassOrApiAnnotationResourceGrouping : Group for method error was basic-error-controller
2016-10-17 18:04:40.757  INFO 18411 --- [           main] s.w.ClassOrApiAnnotationResourceGrouping : Group for method error was basic-error-controller
2016-10-17 18:04:40.842  INFO 18411 --- [           main] s.b.c.e.t.TomcatEmbeddedServletContainer : Tomcat started on port(s): 8080 (http)
2016-10-17 18:04:40.849  INFO 18411 --- [           main] com.pbg.CrudApplication                  : Started CrudApplication in 7.946 seconds (JVM running for 8.45)
2016-10-17 18:04:57.030  INFO 18411 --- [nio-8080-exec-1] o.a.c.c.C.[Tomcat].[localhost].[/]       : Initializing Spring FrameworkServlet 'dispatcherServlet'
2016-10-17 18:04:57.030  INFO 18411 --- [nio-8080-exec-1] o.s.web.servlet.DispatcherServlet        : FrameworkServlet 'dispatcherServlet': initialization started
2016-10-17 18:04:57.050  INFO 18411 --- [nio-8080-exec-1] o.s.web.servlet.DispatcherServlet        : FrameworkServlet 'dispatcherServlet': initialization completed in 20 ms
2016-10-17 18:05:36.339  WARN 18411 --- [nio-8080-exec-9] o.s.web.servlet.PageNotFound             : No mapping found for HTTP request with URI [/favicon.ico] in DispatcherServlet with name 'dispatcherServlet'

  .   ____          _            __ _ _
 /\\ / ___'_ __ _ _(_)_ __  __ _ \ \ \ \
( ( )\___ | '_ | '_| | '_ \/ _` | \ \ \ \
 \\/  ___)| |_)| | | | | || (_| |  ) ) ) )
  '  |____| .__|_| |_|_| |_\__, | / / / /
 =========|_|==============|___/=/_/_/_/
 :: Spring Boot ::        (v1.4.0.RELEASE)

2016-10-17 18:07:49.448  INFO 19407 --- [           main] com.pbg.CrudApplication                  : Starting CrudApplication on borrego-pc with PID 19407 (/home/borrego/Documentos/crud/build/libs/crud-0.0.1-SNAPSHOT.jar started by borrego in /home/borrego/Documentos/crud)
2016-10-17 18:07:49.463  INFO 19407 --- [           main] com.pbg.CrudApplication                  : The following profiles are active: local
2016-10-17 18:07:49.597  INFO 19407 --- [           main] ationConfigEmbeddedWebApplicationContext : Refreshing org.springframework.boot.context.embedded.AnnotationConfigEmbeddedWebApplicationContext@4cdf35a9: startup date [Mon Oct 17 18:07:49 CEST 2016]; root of context hierarchy
2016-10-17 18:07:51.758  INFO 19407 --- [           main] trationDelegate$BeanPostProcessorChecker : Bean 'org.springframework.transaction.annotation.ProxyTransactionManagementConfiguration' of type [class org.springframework.transaction.annotation.ProxyTransactionManagementConfiguration$$EnhancerBySpringCGLIB$$a7ca5c16] is not eligible for getting processed by all BeanPostProcessors (for example: not eligible for auto-proxying)
2016-10-17 18:07:52.395  INFO 19407 --- [           main] s.b.c.e.t.TomcatEmbeddedServletContainer : Tomcat initialized with port(s): 8080 (http)
2016-10-17 18:07:52.412  INFO 19407 --- [           main] o.apache.catalina.core.StandardService   : Starting service Tomcat
2016-10-17 18:07:52.413  INFO 19407 --- [           main] org.apache.catalina.core.StandardEngine  : Starting Servlet Engine: Apache Tomcat/8.5.4
2016-10-17 18:07:52.520  INFO 19407 --- [ost-startStop-1] o.a.c.c.C.[Tomcat].[localhost].[/]       : Initializing Spring embedded WebApplicationContext
2016-10-17 18:07:52.520  INFO 19407 --- [ost-startStop-1] o.s.web.context.ContextLoader            : Root WebApplicationContext: initialization completed in 2927 ms
2016-10-17 18:07:52.662  INFO 19407 --- [ost-startStop-1] o.s.b.w.servlet.ServletRegistrationBean  : Mapping servlet: 'dispatcherServlet' to [/]
2016-10-17 18:07:52.667  INFO 19407 --- [ost-startStop-1] o.s.b.w.servlet.FilterRegistrationBean   : Mapping filter: 'characterEncodingFilter' to: [/*]
2016-10-17 18:07:53.010  INFO 19407 --- [           main] j.LocalContainerEntityManagerFactoryBean : Building JPA container EntityManagerFactory for persistence unit 'default'
2016-10-17 18:07:53.026  INFO 19407 --- [           main] o.hibernate.jpa.internal.util.LogHelper  : HHH000204: Processing PersistenceUnitInfo [
	name: default
	...]
2016-10-17 18:07:53.103  INFO 19407 --- [           main] org.hibernate.Version                    : HHH000412: Hibernate Core {5.0.9.Final}
2016-10-17 18:07:53.104  INFO 19407 --- [           main] org.hibernate.cfg.Environment            : HHH000206: hibernate.properties not found
2016-10-17 18:07:53.105  INFO 19407 --- [           main] org.hibernate.cfg.Environment            : HHH000021: Bytecode provider name : javassist
2016-10-17 18:07:53.147  INFO 19407 --- [           main] o.hibernate.annotations.common.Version   : HCANN000001: Hibernate Commons Annotations {5.0.1.Final}
Mon Oct 17 18:07:53 CEST 2016 WARN: Establishing SSL connection without server's identity verification is not recommended. According to MySQL 5.5.45+, 5.6.26+ and 5.7.6+ requirements SSL connection must be established by default if explicit option isn't set. For compliance with existing applications not using SSL the verifyServerCertificate property is set to 'false'. You need either to explicitly disable SSL by setting useSSL=false, or set useSSL=true and provide truststore for server certificate verification.
Mon Oct 17 18:07:53 CEST 2016 WARN: Establishing SSL connection without server's identity verification is not recommended. According to MySQL 5.5.45+, 5.6.26+ and 5.7.6+ requirements SSL connection must be established by default if explicit option isn't set. For compliance with existing applications not using SSL the verifyServerCertificate property is set to 'false'. You need either to explicitly disable SSL by setting useSSL=false, or set useSSL=true and provide truststore for server certificate verification.
Mon Oct 17 18:07:53 CEST 2016 WARN: Establishing SSL connection without server's identity verification is not recommended. According to MySQL 5.5.45+, 5.6.26+ and 5.7.6+ requirements SSL connection must be established by default if explicit option isn't set. For compliance with existing applications not using SSL the verifyServerCertificate property is set to 'false'. You need either to explicitly disable SSL by setting useSSL=false, or set useSSL=true and provide truststore for server certificate verification.
Mon Oct 17 18:07:53 CEST 2016 WARN: Establishing SSL connection without server's identity verification is not recommended. According to MySQL 5.5.45+, 5.6.26+ and 5.7.6+ requirements SSL connection must be established by default if explicit option isn't set. For compliance with existing applications not using SSL the verifyServerCertificate property is set to 'false'. You need either to explicitly disable SSL by setting useSSL=false, or set useSSL=true and provide truststore for server certificate verification.
Mon Oct 17 18:07:53 CEST 2016 WARN: Establishing SSL connection without server's identity verification is not recommended. According to MySQL 5.5.45+, 5.6.26+ and 5.7.6+ requirements SSL connection must be established by default if explicit option isn't set. For compliance with existing applications not using SSL the verifyServerCertificate property is set to 'false'. You need either to explicitly disable SSL by setting useSSL=false, or set useSSL=true and provide truststore for server certificate verification.
Mon Oct 17 18:07:53 CEST 2016 WARN: Establishing SSL connection without server's identity verification is not recommended. According to MySQL 5.5.45+, 5.6.26+ and 5.7.6+ requirements SSL connection must be established by default if explicit option isn't set. For compliance with existing applications not using SSL the verifyServerCertificate property is set to 'false'. You need either to explicitly disable SSL by setting useSSL=false, or set useSSL=true and provide truststore for server certificate verification.
Mon Oct 17 18:07:53 CEST 2016 WARN: Establishing SSL connection without server's identity verification is not recommended. According to MySQL 5.5.45+, 5.6.26+ and 5.7.6+ requirements SSL connection must be established by default if explicit option isn't set. For compliance with existing applications not using SSL the verifyServerCertificate property is set to 'false'. You need either to explicitly disable SSL by setting useSSL=false, or set useSSL=true and provide truststore for server certificate verification.
Mon Oct 17 18:07:53 CEST 2016 WARN: Establishing SSL connection without server's identity verification is not recommended. According to MySQL 5.5.45+, 5.6.26+ and 5.7.6+ requirements SSL connection must be established by default if explicit option isn't set. For compliance with existing applications not using SSL the verifyServerCertificate property is set to 'false'. You need either to explicitly disable SSL by setting useSSL=false, or set useSSL=true and provide truststore for server certificate verification.
Mon Oct 17 18:07:53 CEST 2016 WARN: Establishing SSL connection without server's identity verification is not recommended. According to MySQL 5.5.45+, 5.6.26+ and 5.7.6+ requirements SSL connection must be established by default if explicit option isn't set. For compliance with existing applications not using SSL the verifyServerCertificate property is set to 'false'. You need either to explicitly disable SSL by setting useSSL=false, or set useSSL=true and provide truststore for server certificate verification.
Mon Oct 17 18:07:53 CEST 2016 WARN: Establishing SSL connection without server's identity verification is not recommended. According to MySQL 5.5.45+, 5.6.26+ and 5.7.6+ requirements SSL connection must be established by default if explicit option isn't set. For compliance with existing applications not using SSL the verifyServerCertificate property is set to 'false'. You need either to explicitly disable SSL by setting useSSL=false, or set useSSL=true and provide truststore for server certificate verification.
2016-10-17 18:07:53.785  INFO 19407 --- [           main] org.hibernate.dialect.Dialect            : HHH000400: Using dialect: org.hibernate.dialect.MySQL5Dialect
2016-10-17 18:07:54.251  INFO 19407 --- [           main] org.hibernate.tool.hbm2ddl.SchemaUpdate  : HHH000228: Running hbm2ddl schema update
2016-10-17 18:07:54.346  INFO 19407 --- [           main] j.LocalContainerEntityManagerFactoryBean : Initialized JPA EntityManagerFactory for persistence unit 'default'
2016-10-17 18:07:54.609  INFO 19407 --- [           main] o.h.h.i.QueryTranslatorFactoryInitiator  : HHH000397: Using ASTQueryTranslatorFactory
2016-10-17 18:07:55.141  INFO 19407 --- [           main] s.w.s.m.m.a.RequestMappingHandlerMapping : Mapped "{[/person],methods=[GET]}" onto public org.springframework.data.domain.Page<com.pbg.model.Person> com.pbg.controller.PersonController.readAllPaging(java.lang.String,java.lang.String,java.lang.Integer,java.lang.Integer)
2016-10-17 18:07:55.142  INFO 19407 --- [           main] s.w.s.m.m.a.RequestMappingHandlerMapping : Mapped "{[/person],methods=[PUT]}" onto public void com.pbg.controller.PersonController.update(com.pbg.model.Person)
2016-10-17 18:07:55.142  INFO 19407 --- [           main] s.w.s.m.m.a.RequestMappingHandlerMapping : Mapped "{[/person/{id}],methods=[GET]}" onto public org.springframework.http.ResponseEntity<com.pbg.model.Person> com.pbg.controller.PersonController.read(java.lang.Integer) throws com.pbg.exceptions.PersonNotFoundException
2016-10-17 18:07:55.142  INFO 19407 --- [           main] s.w.s.m.m.a.RequestMappingHandlerMapping : Mapped "{[/person/{id}],methods=[DELETE]}" onto public void com.pbg.controller.PersonController.delete(java.lang.Integer)
2016-10-17 18:07:55.142  INFO 19407 --- [           main] s.w.s.m.m.a.RequestMappingHandlerMapping : Mapped "{[/person],methods=[POST]}" onto public com.pbg.model.Person com.pbg.controller.PersonController.create(com.pbg.model.Person)
2016-10-17 18:07:55.143  INFO 19407 --- [           main] s.w.s.m.m.a.RequestMappingHandlerMapping : Mapped "{[/v2/api-docs],methods=[GET]}" onto public org.springframework.http.ResponseEntity<springfox.documentation.spring.web.json.Json> springfox.documentation.swagger2.web.Swagger2Controller.getDocumentation(java.lang.String)
2016-10-17 18:07:55.146  INFO 19407 --- [           main] s.w.s.m.m.a.RequestMappingHandlerMapping : Mapped "{[/configuration/security]}" onto org.springframework.http.ResponseEntity<springfox.documentation.swagger.web.SecurityConfiguration> springfox.documentation.swagger.web.ApiResourceController.securityConfiguration()
2016-10-17 18:07:55.148  INFO 19407 --- [           main] s.w.s.m.m.a.RequestMappingHandlerMapping : Mapped "{[/configuration/ui]}" onto org.springframework.http.ResponseEntity<springfox.documentation.swagger.web.UiConfiguration> springfox.documentation.swagger.web.ApiResourceController.uiConfiguration()
2016-10-17 18:07:55.148  INFO 19407 --- [           main] s.w.s.m.m.a.RequestMappingHandlerMapping : Mapped "{[/swagger-resources]}" onto org.springframework.http.ResponseEntity<java.util.List<springfox.documentation.swagger.web.SwaggerResource>> springfox.documentation.swagger.web.ApiResourceController.swaggerResources()
2016-10-17 18:07:55.152  INFO 19407 --- [           main] s.w.s.m.m.a.RequestMappingHandlerMapping : Mapped "{[/error],produces=[text/html]}" onto public org.springframework.web.servlet.ModelAndView org.springframework.boot.autoconfigure.web.BasicErrorController.errorHtml(javax.servlet.http.HttpServletRequest,javax.servlet.http.HttpServletResponse)
2016-10-17 18:07:55.152  INFO 19407 --- [           main] s.w.s.m.m.a.RequestMappingHandlerMapping : Mapped "{[/error]}" onto public org.springframework.http.ResponseEntity<java.util.Map<java.lang.String, java.lang.Object>> org.springframework.boot.autoconfigure.web.BasicErrorController.error(javax.servlet.http.HttpServletRequest)
2016-10-17 18:07:55.461  INFO 19407 --- [           main] s.w.s.m.m.a.RequestMappingHandlerAdapter : Looking for @ControllerAdvice: org.springframework.boot.context.embedded.AnnotationConfigEmbeddedWebApplicationContext@4cdf35a9: startup date [Mon Oct 17 18:07:49 CEST 2016]; root of context hierarchy
2016-10-17 18:07:55.945  INFO 19407 --- [           main] o.s.j.e.a.AnnotationMBeanExporter        : Registering beans for JMX exposure on startup
2016-10-17 18:07:55.962  INFO 19407 --- [           main] d.s.w.p.DocumentationPluginsBootstrapper : Context refreshed
2016-10-17 18:07:55.981  INFO 19407 --- [           main] d.s.w.p.DocumentationPluginsBootstrapper : Found {0} custom documentation plugin(s)
2016-10-17 18:07:55.988  INFO 19407 --- [           main] s.d.s.w.s.ApiListingReferenceScanner     : Scanning for api listing references
2016-10-17 18:07:55.993  INFO 19407 --- [           main] s.w.ClassOrApiAnnotationResourceGrouping : Group for method readAllPaging was person-controller
2016-10-17 18:07:55.994  INFO 19407 --- [           main] s.d.s.w.s.ApiListingReferenceScanner     : Request mapping: readAllPaging belongs to groups: [[ResourceGroup{groupName='person-controller', position=0, controller=com.pbg.controller.PersonController}]] 
2016-10-17 18:07:55.994  INFO 19407 --- [           main] s.w.ClassOrApiAnnotationResourceGrouping : Group for method update was person-controller
2016-10-17 18:07:55.995  INFO 19407 --- [           main] s.d.s.w.s.ApiListingReferenceScanner     : Request mapping: update belongs to groups: [[ResourceGroup{groupName='person-controller', position=0, controller=com.pbg.controller.PersonController}]] 
2016-10-17 18:07:55.995  INFO 19407 --- [           main] s.w.ClassOrApiAnnotationResourceGrouping : Group for method read was person-controller
2016-10-17 18:07:55.995  INFO 19407 --- [           main] s.d.s.w.s.ApiListingReferenceScanner     : Request mapping: read belongs to groups: [[ResourceGroup{groupName='person-controller', position=0, controller=com.pbg.controller.PersonController}]] 
2016-10-17 18:07:55.995  INFO 19407 --- [           main] s.w.ClassOrApiAnnotationResourceGrouping : Group for method delete was person-controller
2016-10-17 18:07:55.995  INFO 19407 --- [           main] s.d.s.w.s.ApiListingReferenceScanner     : Request mapping: delete belongs to groups: [[ResourceGroup{groupName='person-controller', position=0, controller=com.pbg.controller.PersonController}]] 
2016-10-17 18:07:55.996  INFO 19407 --- [           main] s.w.ClassOrApiAnnotationResourceGrouping : Group for method create was person-controller
2016-10-17 18:07:55.996  INFO 19407 --- [           main] s.d.s.w.s.ApiListingReferenceScanner     : Request mapping: create belongs to groups: [[ResourceGroup{groupName='person-controller', position=0, controller=com.pbg.controller.PersonController}]] 
2016-10-17 18:07:55.996  INFO 19407 --- [           main] s.w.ClassOrApiAnnotationResourceGrouping : Group for method errorHtml was basic-error-controller
2016-10-17 18:07:55.996  INFO 19407 --- [           main] s.d.s.w.s.ApiListingReferenceScanner     : Request mapping: errorHtml belongs to groups: [[ResourceGroup{groupName='basic-error-controller', position=0, controller=org.springframework.boot.autoconfigure.web.BasicErrorController}]] 
2016-10-17 18:07:55.996  INFO 19407 --- [           main] s.w.ClassOrApiAnnotationResourceGrouping : Group for method error was basic-error-controller
2016-10-17 18:07:55.996  INFO 19407 --- [           main] s.d.s.w.s.ApiListingReferenceScanner     : Request mapping: error belongs to groups: [[ResourceGroup{groupName='basic-error-controller', position=0, controller=org.springframework.boot.autoconfigure.web.BasicErrorController}]] 
2016-10-17 18:07:55.999  INFO 19407 --- [           main] s.d.s.w.s.ApiListingReferenceScanner     : Created resource listing Path: /default/basic-error-controller Description: basic-error-controller Position: 0
2016-10-17 18:07:56.000  INFO 19407 --- [           main] s.d.s.w.s.ApiListingReferenceScanner     : Created resource listing Path: /default/person-controller Description: person-controller Position: 0
2016-10-17 18:07:56.070  INFO 19407 --- [           main] s.w.ClassOrApiAnnotationResourceGrouping : Group for method errorHtml was basic-error-controller
2016-10-17 18:07:56.076  INFO 19407 --- [           main] s.w.ClassOrApiAnnotationResourceGrouping : Group for method errorHtml was basic-error-controller
2016-10-17 18:07:56.078  INFO 19407 --- [           main] s.w.ClassOrApiAnnotationResourceGrouping : Group for method errorHtml was basic-error-controller
2016-10-17 18:07:56.079  INFO 19407 --- [           main] s.w.ClassOrApiAnnotationResourceGrouping : Group for method errorHtml was basic-error-controller
2016-10-17 18:07:56.081  INFO 19407 --- [           main] s.w.ClassOrApiAnnotationResourceGrouping : Group for method errorHtml was basic-error-controller
2016-10-17 18:07:56.083  INFO 19407 --- [           main] s.w.ClassOrApiAnnotationResourceGrouping : Group for method errorHtml was basic-error-controller
2016-10-17 18:07:56.084  INFO 19407 --- [           main] s.w.ClassOrApiAnnotationResourceGrouping : Group for method errorHtml was basic-error-controller
2016-10-17 18:07:56.086  INFO 19407 --- [           main] s.w.ClassOrApiAnnotationResourceGrouping : Group for method errorHtml was basic-error-controller
2016-10-17 18:07:56.089  INFO 19407 --- [           main] s.w.ClassOrApiAnnotationResourceGrouping : Group for method error was basic-error-controller
2016-10-17 18:07:56.091  INFO 19407 --- [           main] s.w.ClassOrApiAnnotationResourceGrouping : Group for method error was basic-error-controller
2016-10-17 18:07:56.092  INFO 19407 --- [           main] s.w.ClassOrApiAnnotationResourceGrouping : Group for method error was basic-error-controller
2016-10-17 18:07:56.094  INFO 19407 --- [           main] s.w.ClassOrApiAnnotationResourceGrouping : Group for method error was basic-error-controller
2016-10-17 18:07:56.095  INFO 19407 --- [           main] s.w.ClassOrApiAnnotationResourceGrouping : Group for method error was basic-error-controller
2016-10-17 18:07:56.096  INFO 19407 --- [           main] s.w.ClassOrApiAnnotationResourceGrouping : Group for method error was basic-error-controller
2016-10-17 18:07:56.098  INFO 19407 --- [           main] s.w.ClassOrApiAnnotationResourceGrouping : Group for method error was basic-error-controller
2016-10-17 18:07:56.099  INFO 19407 --- [           main] s.w.ClassOrApiAnnotationResourceGrouping : Group for method error was basic-error-controller
2016-10-17 18:07:56.139  INFO 19407 --- [           main] s.w.ClassOrApiAnnotationResourceGrouping : Group for method readAllPaging was person-controller
2016-10-17 18:07:56.157  INFO 19407 --- [           main] s.w.ClassOrApiAnnotationResourceGrouping : Group for method update was person-controller
2016-10-17 18:07:56.165  INFO 19407 --- [           main] s.w.ClassOrApiAnnotationResourceGrouping : Group for method read was person-controller
2016-10-17 18:07:56.169  INFO 19407 --- [           main] s.w.ClassOrApiAnnotationResourceGrouping : Group for method delete was person-controller
2016-10-17 18:07:56.197  INFO 19407 --- [           main] s.w.ClassOrApiAnnotationResourceGrouping : Group for method create was person-controller
2016-10-17 18:07:56.284  INFO 19407 --- [           main] s.b.c.e.t.TomcatEmbeddedServletContainer : Tomcat started on port(s): 8080 (http)
2016-10-17 18:07:56.294  INFO 19407 --- [           main] com.pbg.CrudApplication                  : Started CrudApplication in 7.554 seconds (JVM running for 8.069)
2016-10-17 18:07:56.704  INFO 19407 --- [nio-8080-exec-1] o.a.c.c.C.[Tomcat].[localhost].[/]       : Initializing Spring FrameworkServlet 'dispatcherServlet'
2016-10-17 18:07:56.704  INFO 19407 --- [nio-8080-exec-1] o.s.web.servlet.DispatcherServlet        : FrameworkServlet 'dispatcherServlet': initialization started
2016-10-17 18:07:56.728  INFO 19407 --- [nio-8080-exec-1] o.s.web.servlet.DispatcherServlet        : FrameworkServlet 'dispatcherServlet': initialization completed in 24 ms
